
> my-v0-project@0.1.0 dev
> next dev -p 3000

▲ Next.js 16.1.0 (Turbopack)
- Local:         http://localhost:3000
- Network:       http://10.0.2.161:3000
- Environments: .env

✓ Starting...
Attention: Next.js now collects completely anonymous telemetry regarding usage.
This information is used to shape Next.js' roadmap and prioritize features.
You can learn more, including how to opt-out if you'd not like to participate in this anonymous program, by visiting the following URL:
https://nextjs.org/telemetry

[baseline-browser-mapping] The data in this module is over two months old.  To ensure accurate Baseline data, please update: `npm i baseline-browser-mapping@latest -D`
✓ Ready in 484ms
 GET /admin/reminders 200 in 3.0s (compile: 2.8s, render: 239ms)
⚠ Cross origin request detected from 127.0.0.1 to /_next/* resource. In a future major version of Next.js, you will need to explicitly configure "allowedDevOrigins" in next.config to allow this.
Read more: https://nextjs.org/docs/app/api-reference/config/next-config-js/allowedDevOrigins
 GET /api/admin/reminders 200 in 632ms (compile: 478ms, render: 154ms)
 GET /api/admin/weekly-programs 200 in 631ms (compile: 539ms, render: 92ms)
 GET /api/auth/me 200 in 630ms (compile: 514ms, render: 117ms)
 PATCH /api/admin/reminders/5c60610a-8857-47a7-a252-450b2ff2fb7c 200 in 693ms (compile: 650ms, render: 43ms)
 GET /api/admin/reminders 200 in 14ms (compile: 2ms, render: 12ms)
 PATCH /api/admin/reminders/5c60610a-8857-47a7-a252-450b2ff2fb7c 200 in 33ms (compile: 16ms, render: 17ms)
 PATCH /api/admin/reminders/5c60610a-8857-47a7-a252-450b2ff2fb7c 200 in 13ms (compile: 3ms, render: 10ms)
 GET /api/admin/reminders 200 in 8ms (compile: 3ms, render: 5ms)
 GET /api/admin/reminders 200 in 7ms (compile: 1921µs, render: 5ms)
 POST /api/admin/reminders 201 in 10ms (compile: 2ms, render: 8ms)
 GET /api/admin/reminders 200 in 6ms (compile: 1737µs, render: 4ms)
 GET /dashboard 200 in 738ms (compile: 629ms, render: 109ms)
 GET /api/auth/me 200 in 8ms (compile: 3ms, render: 6ms)
 GET /api/announcements 200 in 379ms (compile: 247ms, render: 132ms)
 GET /api/weekly-programs 200 in 444ms (compile: 178ms, render: 265ms)
 GET /api/reminders 200 in 463ms (compile: 318ms, render: 145ms)
 GET /api/volunteers?email=jwrcjuja.1%40gmail.com 200 in 500ms (compile: 424ms, render: 76ms)
 GET /api/suggestions?email=jwrcjuja.1%40gmail.com 200 in 507ms (compile: 461ms, render: 46ms)
 GET /api/weekly-word 200 in 129ms (compile: 85ms, render: 44ms)
warn(prisma-client) This is the 10th instance of Prisma Client being started. Make sure this is intentional.
 GET /api/announcements 200 in 8ms (compile: 2ms, render: 6ms)
 GET /api/settings 200 in 169ms (compile: 89ms, render: 81ms)
 PATCH /api/user/inbox 200 in 193ms (compile: 127ms, render: 66ms)
 GET /api/volunteers?email=jwrcjuja.1%40gmail.com 200 in 14ms (compile: 1830µs, render: 12ms)
 GET /api/events/signups?email=jwrcjuja.1%40gmail.com 200 in 216ms (compile: 170ms, render: 46ms)
 GET /api/suggestions?email=jwrcjuja.1%40gmail.com 200 in 7ms (compile: 1758µs, render: 5ms)
 GET /api/suggestions?email=jwrcjuja.1%40gmail.com 200 in 7ms (compile: 2ms, render: 5ms)
 GET /api/user/inbox 200 in 12ms (compile: 1111µs, render: 11ms)
 GET /api/volunteers?email=jwrcjuja.1%40gmail.com 200 in 8ms (compile: 1554µs, render: 7ms)
 GET /api/suggestions?email=jwrcjuja.1%40gmail.com 200 in 6ms (compile: 1399µs, render: 4ms)
 GET /api/volunteers?email=jwrcjuja.1%40gmail.com 200 in 6ms (compile: 1090µs, render: 5ms)
 GET /api/suggestions?email=jwrcjuja.1%40gmail.com 200 in 6ms (compile: 1656µs, render: 5ms)
 GET /api/volunteers?email=jwrcjuja.1%40gmail.com 200 in 7ms (compile: 1241µs, render: 6ms)
 GET /api/announcements 200 in 6ms (compile: 1512µs, render: 5ms)
 GET /api/volunteers?email=jwrcjuja.1%40gmail.com 200 in 8ms (compile: 1749µs, render: 6ms)
 GET /api/events?futureOnly=true&pageSize=100 200 in 137ms (compile: 102ms, render: 35ms)
 GET /api/settings 200 in 26ms (compile: 1828µs, render: 24ms)
 GET /api/suggestions?email=jwrcjuja.1%40gmail.com 200 in 9ms (compile: 3ms, render: 6ms)
 GET /api/announcements 200 in 5ms (compile: 1737µs, render: 4ms)
 GET /api/volunteers?email=jwrcjuja.1%40gmail.com 200 in 12ms (compile: 2ms, render: 10ms)
 GET /api/suggestions?email=jwrcjuja.1%40gmail.com 200 in 6ms (compile: 1381µs, render: 4ms)
 GET /api/volunteers?email=jwrcjuja.1%40gmail.com 200 in 7ms (compile: 1774µs, render: 6ms)
 GET /api/suggestions?email=jwrcjuja.1%40gmail.com 200 in 7ms (compile: 1465µs, render: 6ms)
 GET /api/volunteers?email=jwrcjuja.1%40gmail.com 200 in 12ms (compile: 1706µs, render: 10ms)
 GET /api/announcements 200 in 8ms (compile: 2ms, render: 6ms)
 GET /api/events?futureOnly=true&pageSize=100 200 in 16ms (compile: 2ms, render: 14ms)
 GET /api/weekly-programs 200 in 17ms (compile: 8ms, render: 8ms)
 GET /api/user/inbox 200 in 20ms (compile: 5ms, render: 14ms)
 GET /api/announcements 200 in 10ms (compile: 3ms, render: 8ms)
 GET /api/suggestions?email=jwrcjuja.1%40gmail.com 200 in 17ms (compile: 9ms, render: 8ms)
 GET /api/volunteers?email=jwrcjuja.1%40gmail.com 200 in 20ms (compile: 3ms, render: 17ms)
 GET /api/volunteers?email=jwrcjuja.1%40gmail.com 200 in 41ms (compile: 6ms, render: 34ms)
 GET /api/announcements 200 in 9ms (compile: 3ms, render: 6ms)
 GET /api/suggestions?email=jwrcjuja.1%40gmail.com 200 in 11ms (compile: 2ms, render: 9ms)
 GET /api/volunteers?email=jwrcjuja.1%40gmail.com 200 in 17ms (compile: 6ms, render: 12ms)
 GET /api/weekly-word 200 in 7ms (compile: 1773µs, render: 6ms)
 GET /api/events/signups?email=jwrcjuja.1%40gmail.com 200 in 7ms (compile: 1595µs, render: 6ms)
 GET /api/settings 200 in 29ms (compile: 2ms, render: 27ms)
 GET /api/suggestions?email=jwrcjuja.1%40gmail.com 200 in 18ms (compile: 6ms, render: 11ms)
 GET /api/suggestions?email=jwrcjuja.1%40gmail.com 200 in 18ms (compile: 9ms, render: 10ms)
 GET /api/volunteers?email=jwrcjuja.1%40gmail.com 200 in 20ms (compile: 10ms, render: 10ms)
 GET /api/volunteers?email=jwrcjuja.1%40gmail.com 200 in 23ms (compile: 4ms, render: 19ms)
 GET /api/announcements 200 in 5ms (compile: 1219µs, render: 3ms)
 GET /api/suggestions?email=jwrcjuja.1%40gmail.com 200 in 18ms (compile: 1418µs, render: 16ms)
 GET /api/volunteers?email=jwrcjuja.1%40gmail.com 200 in 10ms (compile: 2ms, render: 7ms)
 GET /api/suggestions?email=jwrcjuja.1%40gmail.com 200 in 6ms (compile: 1342µs, render: 5ms)
 GET /api/announcements 200 in 10ms (compile: 2ms, render: 8ms)
 GET /api/volunteers?email=jwrcjuja.1%40gmail.com 200 in 17ms (compile: 1928µs, render: 15ms)
 GET /api/suggestions?email=jwrcjuja.1%40gmail.com 200 in 9ms (compile: 2ms, render: 7ms)
 GET /api/announcements 200 in 7ms (compile: 3ms, render: 4ms)
 GET /api/volunteers?email=jwrcjuja.1%40gmail.com 200 in 7ms (compile: 1400µs, render: 6ms)
 GET /api/user/inbox 200 in 7ms (compile: 1230µs, render: 5ms)
 GET /api/events?futureOnly=true&pageSize=100 200 in 6ms (compile: 1161µs, render: 5ms)
 GET /api/weekly-programs 200 in 6ms (compile: 1165µs, render: 5ms)
 GET /api/suggestions?email=jwrcjuja.1%40gmail.com 200 in 5ms (compile: 1120µs, render: 4ms)
 GET /api/announcements 200 in 5ms (compile: 1120µs, render: 3ms)
 GET /api/volunteers?email=jwrcjuja.1%40gmail.com 200 in 7ms (compile: 1496µs, render: 5ms)
 GET /api/suggestions?email=jwrcjuja.1%40gmail.com 200 in 5ms (compile: 1262µs, render: 4ms)
 GET /api/announcements 200 in 5ms (compile: 1404µs, render: 4ms)
 GET /api/volunteers?email=jwrcjuja.1%40gmail.com 200 in 12ms (compile: 1731µs, render: 10ms)
 GET /api/suggestions?email=jwrcjuja.1%40gmail.com 200 in 6ms (compile: 1533µs, render: 4ms)
 GET /api/volunteers?email=jwrcjuja.1%40gmail.com 200 in 8ms (compile: 1617µs, render: 6ms)
 GET /api/suggestions?email=jwrcjuja.1%40gmail.com 200 in 7ms (compile: 2ms, render: 4ms)
 GET /api/admin/reminders 200 in 25ms (compile: 1844µs, render: 23ms)
 PATCH /api/admin/reminders/32d31c1b-d0d7-49c8-92e0-6acab83d7e07 200 in 45ms (compile: 18ms, render: 27ms)
 DELETE /api/admin/reminders/5c60610a-8857-47a7-a252-450b2ff2fb7c 200 in 25ms (compile: 17ms, render: 7ms)
 GET /api/admin/reminders 200 in 6ms (compile: 1546µs, render: 4ms)
 GET / 200 in 753ms (compile: 429ms, render: 324ms)
 GET /api/auth/me 200 in 27ms (compile: 1838µs, render: 26ms)
Error counting unread: TypeError: Cannot mix BigInt and other types, use explicit conversions
    at GET (app/api/user/inbox/route.ts:48:31)
  46 |         const s: any[] = await prisma.$queryRawUnsafe(`SELECT COUNT(*) as c FROM suggestions WHERE LOWER(email)=LOWER($1) AND ((responded_at IS NOT NULL AND responded_at > $2::timestamptz) OR (responded_at IS NULL AND created_at > $2::timestamptz))`, String(email), lastSeenISO)
  47 |         const v: any[] = await prisma.$queryRawUnsafe(`SELECT COUNT(*) as c FROM volunteer_applications WHERE LOWER(email)=LOWER($1) AND ((responded_at IS NOT NULL AND responded_at > $2::timestamptz) OR (responded_at IS NULL AND created_at > $2::timestamptz))`, String(email), lastSeenISO)
> 48 |         unread = (s[0]?.c || 0) + (v[0]?.c || 0)
     |                               ^
  49 |       } catch (e) {
  50 |         console.error("Error counting unread:", e)
  51 |         unread = 0
 GET /api/user/inbox 200 in 191ms (compile: 2ms, render: 188ms)
 GET /login 200 in 432ms (compile: 406ms, render: 26ms)
Error counting unread: TypeError: Cannot mix BigInt and other types, use explicit conversions
    at GET (app/api/user/inbox/route.ts:48:31)
  46 |         const s: any[] = await prisma.$queryRawUnsafe(`SELECT COUNT(*) as c FROM suggestions WHERE LOWER(email)=LOWER($1) AND ((responded_at IS NOT NULL AND responded_at > $2::timestamptz) OR (responded_at IS NULL AND created_at > $2::timestamptz))`, String(email), lastSeenISO)
  47 |         const v: any[] = await prisma.$queryRawUnsafe(`SELECT COUNT(*) as c FROM volunteer_applications WHERE LOWER(email)=LOWER($1) AND ((responded_at IS NOT NULL AND responded_at > $2::timestamptz) OR (responded_at IS NULL AND created_at > $2::timestamptz))`, String(email), lastSeenISO)
> 48 |         unread = (s[0]?.c || 0) + (v[0]?.c || 0)
     |                               ^
  49 |       } catch (e) {
  50 |         console.error("Error counting unread:", e)
  51 |         unread = 0
 GET /api/user/inbox 200 in 104ms (compile: 6ms, render: 98ms)
Error counting unread: TypeError: Cannot mix BigInt and other types, use explicit conversions
    at GET (app/api/user/inbox/route.ts:48:31)
  46 |         const s: any[] = await prisma.$queryRawUnsafe(`SELECT COUNT(*) as c FROM suggestions WHERE LOWER(email)=LOWER($1) AND ((responded_at IS NOT NULL AND responded_at > $2::timestamptz) OR (responded_at IS NULL AND created_at > $2::timestamptz))`, String(email), lastSeenISO)
  47 |         const v: any[] = await prisma.$queryRawUnsafe(`SELECT COUNT(*) as c FROM volunteer_applications WHERE LOWER(email)=LOWER($1) AND ((responded_at IS NOT NULL AND responded_at > $2::timestamptz) OR (responded_at IS NULL AND created_at > $2::timestamptz))`, String(email), lastSeenISO)
> 48 |         unread = (s[0]?.c || 0) + (v[0]?.c || 0)
     |                               ^
  49 |       } catch (e) {
  50 |         console.error("Error counting unread:", e)
  51 |         unread = 0
 GET /api/user/inbox 200 in 127ms (compile: 3ms, render: 125ms)
Error counting unread: TypeError: Cannot mix BigInt and other types, use explicit conversions
    at GET (app/api/user/inbox/route.ts:48:31)
  46 |         const s: any[] = await prisma.$queryRawUnsafe(`SELECT COUNT(*) as c FROM suggestions WHERE LOWER(email)=LOWER($1) AND ((responded_at IS NOT NULL AND responded_at > $2::timestamptz) OR (responded_at IS NULL AND created_at > $2::timestamptz))`, String(email), lastSeenISO)
  47 |         const v: any[] = await prisma.$queryRawUnsafe(`SELECT COUNT(*) as c FROM volunteer_applications WHERE LOWER(email)=LOWER($1) AND ((responded_at IS NOT NULL AND responded_at > $2::timestamptz) OR (responded_at IS NULL AND created_at > $2::timestamptz))`, String(email), lastSeenISO)
> 48 |         unread = (s[0]?.c || 0) + (v[0]?.c || 0)
     |                               ^
  49 |       } catch (e) {
  50 |         console.error("Error counting unread:", e)
  51 |         unread = 0
 GET /api/user/inbox 200 in 108ms (compile: 3ms, render: 105ms)
Error counting unread: TypeError: Cannot mix BigInt and other types, use explicit conversions
    at GET (app/api/user/inbox/route.ts:48:31)
  46 |         const s: any[] = await prisma.$queryRawUnsafe(`SELECT COUNT(*) as c FROM suggestions WHERE LOWER(email)=LOWER($1) AND ((responded_at IS NOT NULL AND responded_at > $2::timestamptz) OR (responded_at IS NULL AND created_at > $2::timestamptz))`, String(email), lastSeenISO)
  47 |         const v: any[] = await prisma.$queryRawUnsafe(`SELECT COUNT(*) as c FROM volunteer_applications WHERE LOWER(email)=LOWER($1) AND ((responded_at IS NOT NULL AND responded_at > $2::timestamptz) OR (responded_at IS NULL AND created_at > $2::timestamptz))`, String(email), lastSeenISO)
> 48 |         unread = (s[0]?.c || 0) + (v[0]?.c || 0)
     |                               ^
  49 |       } catch (e) {
  50 |         console.error("Error counting unread:", e)
  51 |         unread = 0
 GET /api/user/inbox 200 in 84ms (compile: 3ms, render: 81ms)
 POST /api/auth/login 404 in 173ms (compile: 135ms, render: 38ms)
Error counting unread: TypeError: Cannot mix BigInt and other types, use explicit conversions
    at GET (app/api/user/inbox/route.ts:48:31)
  46 |         const s: any[] = await prisma.$queryRawUnsafe(`SELECT COUNT(*) as c FROM suggestions WHERE LOWER(email)=LOWER($1) AND ((responded_at IS NOT NULL AND responded_at > $2::timestamptz) OR (responded_at IS NULL AND created_at > $2::timestamptz))`, String(email), lastSeenISO)
  47 |         const v: any[] = await prisma.$queryRawUnsafe(`SELECT COUNT(*) as c FROM volunteer_applications WHERE LOWER(email)=LOWER($1) AND ((responded_at IS NOT NULL AND responded_at > $2::timestamptz) OR (responded_at IS NULL AND created_at > $2::timestamptz))`, String(email), lastSeenISO)
> 48 |         unread = (s[0]?.c || 0) + (v[0]?.c || 0)
     |                               ^
  49 |       } catch (e) {
  50 |         console.error("Error counting unread:", e)
  51 |         unread = 0
 GET /api/user/inbox 200 in 100ms (compile: 2ms, render: 98ms)
Error counting unread: TypeError: Cannot mix BigInt and other types, use explicit conversions
    at GET (app/api/user/inbox/route.ts:48:31)
  46 |         const s: any[] = await prisma.$queryRawUnsafe(`SELECT COUNT(*) as c FROM suggestions WHERE LOWER(email)=LOWER($1) AND ((responded_at IS NOT NULL AND responded_at > $2::timestamptz) OR (responded_at IS NULL AND created_at > $2::timestamptz))`, String(email), lastSeenISO)
  47 |         const v: any[] = await prisma.$queryRawUnsafe(`SELECT COUNT(*) as c FROM volunteer_applications WHERE LOWER(email)=LOWER($1) AND ((responded_at IS NOT NULL AND responded_at > $2::timestamptz) OR (responded_at IS NULL AND created_at > $2::timestamptz))`, String(email), lastSeenISO)
> 48 |         unread = (s[0]?.c || 0) + (v[0]?.c || 0)
     |                               ^
  49 |       } catch (e) {
  50 |         console.error("Error counting unread:", e)
  51 |         unread = 0
 GET /api/user/inbox 200 in 67ms (compile: 1613µs, render: 65ms)
Error counting unread: TypeError: Cannot mix BigInt and other types, use explicit conversions
    at GET (app/api/user/inbox/route.ts:48:31)
  46 |         const s: any[] = await prisma.$queryRawUnsafe(`SELECT COUNT(*) as c FROM suggestions WHERE LOWER(email)=LOWER($1) AND ((responded_at IS NOT NULL AND responded_at > $2::timestamptz) OR (responded_at IS NULL AND created_at > $2::timestamptz))`, String(email), lastSeenISO)
  47 |         const v: any[] = await prisma.$queryRawUnsafe(`SELECT COUNT(*) as c FROM volunteer_applications WHERE LOWER(email)=LOWER($1) AND ((responded_at IS NOT NULL AND responded_at > $2::timestamptz) OR (responded_at IS NULL AND created_at > $2::timestamptz))`, String(email), lastSeenISO)
> 48 |         unread = (s[0]?.c || 0) + (v[0]?.c || 0)
     |                               ^
  49 |       } catch (e) {
  50 |         console.error("Error counting unread:", e)
  51 |         unread = 0
 GET /api/user/inbox 200 in 71ms (compile: 2ms, render: 69ms)
Error counting unread: TypeError: Cannot mix BigInt and other types, use explicit conversions
    at GET (app/api/user/inbox/route.ts:48:31)
  46 |         const s: any[] = await prisma.$queryRawUnsafe(`SELECT COUNT(*) as c FROM suggestions WHERE LOWER(email)=LOWER($1) AND ((responded_at IS NOT NULL AND responded_at > $2::timestamptz) OR (responded_at IS NULL AND created_at > $2::timestamptz))`, String(email), lastSeenISO)
  47 |         const v: any[] = await prisma.$queryRawUnsafe(`SELECT COUNT(*) as c FROM volunteer_applications WHERE LOWER(email)=LOWER($1) AND ((responded_at IS NOT NULL AND responded_at > $2::timestamptz) OR (responded_at IS NULL AND created_at > $2::timestamptz))`, String(email), lastSeenISO)
> 48 |         unread = (s[0]?.c || 0) + (v[0]?.c || 0)
     |                               ^
  49 |       } catch (e) {
  50 |         console.error("Error counting unread:", e)
  51 |         unread = 0
 GET /api/user/inbox 200 in 69ms (compile: 3ms, render: 66ms)
Error counting unread: TypeError: Cannot mix BigInt and other types, use explicit conversions
    at GET (app/api/user/inbox/route.ts:48:31)
  46 |         const s: any[] = await prisma.$queryRawUnsafe(`SELECT COUNT(*) as c FROM suggestions WHERE LOWER(email)=LOWER($1) AND ((responded_at IS NOT NULL AND responded_at > $2::timestamptz) OR (responded_at IS NULL AND created_at > $2::timestamptz))`, String(email), lastSeenISO)
  47 |         const v: any[] = await prisma.$queryRawUnsafe(`SELECT COUNT(*) as c FROM volunteer_applications WHERE LOWER(email)=LOWER($1) AND ((responded_at IS NOT NULL AND responded_at > $2::timestamptz) OR (responded_at IS NULL AND created_at > $2::timestamptz))`, String(email), lastSeenISO)
> 48 |         unread = (s[0]?.c || 0) + (v[0]?.c || 0)
     |                               ^
  49 |       } catch (e) {
  50 |         console.error("Error counting unread:", e)
  51 |         unread = 0
 GET /api/user/inbox 200 in 66ms (compile: 1974µs, render: 64ms)
Error counting unread: TypeError: Cannot mix BigInt and other types, use explicit conversions
    at GET (app/api/user/inbox/route.ts:48:31)
  46 |         const s: any[] = await prisma.$queryRawUnsafe(`SELECT COUNT(*) as c FROM suggestions WHERE LOWER(email)=LOWER($1) AND ((responded_at IS NOT NULL AND responded_at > $2::timestamptz) OR (responded_at IS NULL AND created_at > $2::timestamptz))`, String(email), lastSeenISO)
  47 |         const v: any[] = await prisma.$queryRawUnsafe(`SELECT COUNT(*) as c FROM volunteer_applications WHERE LOWER(email)=LOWER($1) AND ((responded_at IS NOT NULL AND responded_at > $2::timestamptz) OR (responded_at IS NULL AND created_at > $2::timestamptz))`, String(email), lastSeenISO)
> 48 |         unread = (s[0]?.c || 0) + (v[0]?.c || 0)
     |                               ^
  49 |       } catch (e) {
  50 |         console.error("Error counting unread:", e)
  51 |         unread = 0
 GET /api/user/inbox 200 in 144ms (compile: 4ms, render: 140ms)
Error counting unread: TypeError: Cannot mix BigInt and other types, use explicit conversions
    at GET (app/api/user/inbox/route.ts:48:31)
  46 |         const s: any[] = await prisma.$queryRawUnsafe(`SELECT COUNT(*) as c FROM suggestions WHERE LOWER(email)=LOWER($1) AND ((responded_at IS NOT NULL AND responded_at > $2::timestamptz) OR (responded_at IS NULL AND created_at > $2::timestamptz))`, String(email), lastSeenISO)
  47 |         const v: any[] = await prisma.$queryRawUnsafe(`SELECT COUNT(*) as c FROM volunteer_applications WHERE LOWER(email)=LOWER($1) AND ((responded_at IS NOT NULL AND responded_at > $2::timestamptz) OR (responded_at IS NULL AND created_at > $2::timestamptz))`, String(email), lastSeenISO)
> 48 |         unread = (s[0]?.c || 0) + (v[0]?.c || 0)
     |                               ^
  49 |       } catch (e) {
  50 |         console.error("Error counting unread:", e)
  51 |         unread = 0
 GET /api/user/inbox 200 in 132ms (compile: 1963µs, render: 130ms)
Error counting unread: TypeError: Cannot mix BigInt and other types, use explicit conversions
    at GET (app/api/user/inbox/route.ts:48:31)
  46 |         const s: any[] = await prisma.$queryRawUnsafe(`SELECT COUNT(*) as c FROM suggestions WHERE LOWER(email)=LOWER($1) AND ((responded_at IS NOT NULL AND responded_at > $2::timestamptz) OR (responded_at IS NULL AND created_at > $2::timestamptz))`, String(email), lastSeenISO)
  47 |         const v: any[] = await prisma.$queryRawUnsafe(`SELECT COUNT(*) as c FROM volunteer_applications WHERE LOWER(email)=LOWER($1) AND ((responded_at IS NOT NULL AND responded_at > $2::timestamptz) OR (responded_at IS NULL AND created_at > $2::timestamptz))`, String(email), lastSeenISO)
> 48 |         unread = (s[0]?.c || 0) + (v[0]?.c || 0)
     |                               ^
  49 |       } catch (e) {
  50 |         console.error("Error counting unread:", e)
  51 |         unread = 0
 GET /api/user/inbox 200 in 59ms (compile: 1628µs, render: 57ms)
Error counting unread: TypeError: Cannot mix BigInt and other types, use explicit conversions
    at GET (app/api/user/inbox/route.ts:48:31)
  46 |         const s: any[] = await prisma.$queryRawUnsafe(`SELECT COUNT(*) as c FROM suggestions WHERE LOWER(email)=LOWER($1) AND ((responded_at IS NOT NULL AND responded_at > $2::timestamptz) OR (responded_at IS NULL AND created_at > $2::timestamptz))`, String(email), lastSeenISO)
  47 |         const v: any[] = await prisma.$queryRawUnsafe(`SELECT COUNT(*) as c FROM volunteer_applications WHERE LOWER(email)=LOWER($1) AND ((responded_at IS NOT NULL AND responded_at > $2::timestamptz) OR (responded_at IS NULL AND created_at > $2::timestamptz))`, String(email), lastSeenISO)
> 48 |         unread = (s[0]?.c || 0) + (v[0]?.c || 0)
     |                               ^
  49 |       } catch (e) {
  50 |         console.error("Error counting unread:", e)
  51 |         unread = 0
 GET /api/user/inbox 200 in 66ms (compile: 1411µs, render: 65ms)
Error counting unread: TypeError: Cannot mix BigInt and other types, use explicit conversions
    at GET (app/api/user/inbox/route.ts:48:31)
  46 |         const s: any[] = await prisma.$queryRawUnsafe(`SELECT COUNT(*) as c FROM suggestions WHERE LOWER(email)=LOWER($1) AND ((responded_at IS NOT NULL AND responded_at > $2::timestamptz) OR (responded_at IS NULL AND created_at > $2::timestamptz))`, String(email), lastSeenISO)
  47 |         const v: any[] = await prisma.$queryRawUnsafe(`SELECT COUNT(*) as c FROM volunteer_applications WHERE LOWER(email)=LOWER($1) AND ((responded_at IS NOT NULL AND responded_at > $2::timestamptz) OR (responded_at IS NULL AND created_at > $2::timestamptz))`, String(email), lastSeenISO)
> 48 |         unread = (s[0]?.c || 0) + (v[0]?.c || 0)
     |                               ^
  49 |       } catch (e) {
  50 |         console.error("Error counting unread:", e)
  51 |         unread = 0
 GET /api/user/inbox 200 in 74ms (compile: 2ms, render: 72ms)
Error counting unread: TypeError: Cannot mix BigInt and other types, use explicit conversions
    at GET (app/api/user/inbox/route.ts:48:31)
  46 |         const s: any[] = await prisma.$queryRawUnsafe(`SELECT COUNT(*) as c FROM suggestions WHERE LOWER(email)=LOWER($1) AND ((responded_at IS NOT NULL AND responded_at > $2::timestamptz) OR (responded_at IS NULL AND created_at > $2::timestamptz))`, String(email), lastSeenISO)
  47 |         const v: any[] = await prisma.$queryRawUnsafe(`SELECT COUNT(*) as c FROM volunteer_applications WHERE LOWER(email)=LOWER($1) AND ((responded_at IS NOT NULL AND responded_at > $2::timestamptz) OR (responded_at IS NULL AND created_at > $2::timestamptz))`, String(email), lastSeenISO)
> 48 |         unread = (s[0]?.c || 0) + (v[0]?.c || 0)
     |                               ^
  49 |       } catch (e) {
  50 |         console.error("Error counting unread:", e)
  51 |         unread = 0
 GET /api/user/inbox 200 in 63ms (compile: 1461µs, render: 62ms)
Error counting unread: TypeError: Cannot mix BigInt and other types, use explicit conversions
    at GET (app/api/user/inbox/route.ts:48:31)
  46 |         const s: any[] = await prisma.$queryRawUnsafe(`SELECT COUNT(*) as c FROM suggestions WHERE LOWER(email)=LOWER($1) AND ((responded_at IS NOT NULL AND responded_at > $2::timestamptz) OR (responded_at IS NULL AND created_at > $2::timestamptz))`, String(email), lastSeenISO)
  47 |         const v: any[] = await prisma.$queryRawUnsafe(`SELECT COUNT(*) as c FROM volunteer_applications WHERE LOWER(email)=LOWER($1) AND ((responded_at IS NOT NULL AND responded_at > $2::timestamptz) OR (responded_at IS NULL AND created_at > $2::timestamptz))`, String(email), lastSeenISO)
> 48 |         unread = (s[0]?.c || 0) + (v[0]?.c || 0)
     |                               ^
  49 |       } catch (e) {
  50 |         console.error("Error counting unread:", e)
  51 |         unread = 0
 GET /api/user/inbox 200 in 69ms (compile: 1975µs, render: 67ms)
Error counting unread: TypeError: Cannot mix BigInt and other types, use explicit conversions
    at GET (app/api/user/inbox/route.ts:48:31)
  46 |         const s: any[] = await prisma.$queryRawUnsafe(`SELECT COUNT(*) as c FROM suggestions WHERE LOWER(email)=LOWER($1) AND ((responded_at IS NOT NULL AND responded_at > $2::timestamptz) OR (responded_at IS NULL AND created_at > $2::timestamptz))`, String(email), lastSeenISO)
  47 |         const v: any[] = await prisma.$queryRawUnsafe(`SELECT COUNT(*) as c FROM volunteer_applications WHERE LOWER(email)=LOWER($1) AND ((responded_at IS NOT NULL AND responded_at > $2::timestamptz) OR (responded_at IS NULL AND created_at > $2::timestamptz))`, String(email), lastSeenISO)
> 48 |         unread = (s[0]?.c || 0) + (v[0]?.c || 0)
     |                               ^
  49 |       } catch (e) {
  50 |         console.error("Error counting unread:", e)
  51 |         unread = 0
 GET /api/user/inbox 200 in 65ms (compile: 2ms, render: 63ms)
Error counting unread: TypeError: Cannot mix BigInt and other types, use explicit conversions
    at GET (app/api/user/inbox/route.ts:48:31)
  46 |         const s: any[] = await prisma.$queryRawUnsafe(`SELECT COUNT(*) as c FROM suggestions WHERE LOWER(email)=LOWER($1) AND ((responded_at IS NOT NULL AND responded_at > $2::timestamptz) OR (responded_at IS NULL AND created_at > $2::timestamptz))`, String(email), lastSeenISO)
  47 |         const v: any[] = await prisma.$queryRawUnsafe(`SELECT COUNT(*) as c FROM volunteer_applications WHERE LOWER(email)=LOWER($1) AND ((responded_at IS NOT NULL AND responded_at > $2::timestamptz) OR (responded_at IS NULL AND created_at > $2::timestamptz))`, String(email), lastSeenISO)
> 48 |         unread = (s[0]?.c || 0) + (v[0]?.c || 0)
     |                               ^
  49 |       } catch (e) {
  50 |         console.error("Error counting unread:", e)
  51 |         unread = 0
 GET /api/user/inbox 200 in 58ms (compile: 1939µs, render: 56ms)
Error counting unread: TypeError: Cannot mix BigInt and other types, use explicit conversions
    at GET (app/api/user/inbox/route.ts:48:31)
  46 |         const s: any[] = await prisma.$queryRawUnsafe(`SELECT COUNT(*) as c FROM suggestions WHERE LOWER(email)=LOWER($1) AND ((responded_at IS NOT NULL AND responded_at > $2::timestamptz) OR (responded_at IS NULL AND created_at > $2::timestamptz))`, String(email), lastSeenISO)
  47 |         const v: any[] = await prisma.$queryRawUnsafe(`SELECT COUNT(*) as c FROM volunteer_applications WHERE LOWER(email)=LOWER($1) AND ((responded_at IS NOT NULL AND responded_at > $2::timestamptz) OR (responded_at IS NULL AND created_at > $2::timestamptz))`, String(email), lastSeenISO)
> 48 |         unread = (s[0]?.c || 0) + (v[0]?.c || 0)
     |                               ^
  49 |       } catch (e) {
  50 |         console.error("Error counting unread:", e)
  51 |         unread = 0
 GET /api/user/inbox 200 in 58ms (compile: 1551µs, render: 57ms)
Error counting unread: TypeError: Cannot mix BigInt and other types, use explicit conversions
    at GET (app/api/user/inbox/route.ts:48:31)
  46 |         const s: any[] = await prisma.$queryRawUnsafe(`SELECT COUNT(*) as c FROM suggestions WHERE LOWER(email)=LOWER($1) AND ((responded_at IS NOT NULL AND responded_at > $2::timestamptz) OR (responded_at IS NULL AND created_at > $2::timestamptz))`, String(email), lastSeenISO)
  47 |         const v: any[] = await prisma.$queryRawUnsafe(`SELECT COUNT(*) as c FROM volunteer_applications WHERE LOWER(email)=LOWER($1) AND ((responded_at IS NOT NULL AND responded_at > $2::timestamptz) OR (responded_at IS NULL AND created_at > $2::timestamptz))`, String(email), lastSeenISO)
> 48 |         unread = (s[0]?.c || 0) + (v[0]?.c || 0)
     |                               ^
  49 |       } catch (e) {
  50 |         console.error("Error counting unread:", e)
  51 |         unread = 0
 GET /api/user/inbox 200 in 91ms (compile: 1615µs, render: 89ms)
Error counting unread: TypeError: Cannot mix BigInt and other types, use explicit conversions
    at GET (app/api/user/inbox/route.ts:48:31)
  46 |         const s: any[] = await prisma.$queryRawUnsafe(`SELECT COUNT(*) as c FROM suggestions WHERE LOWER(email)=LOWER($1) AND ((responded_at IS NOT NULL AND responded_at > $2::timestamptz) OR (responded_at IS NULL AND created_at > $2::timestamptz))`, String(email), lastSeenISO)
  47 |         const v: any[] = await prisma.$queryRawUnsafe(`SELECT COUNT(*) as c FROM volunteer_applications WHERE LOWER(email)=LOWER($1) AND ((responded_at IS NOT NULL AND responded_at > $2::timestamptz) OR (responded_at IS NULL AND created_at > $2::timestamptz))`, String(email), lastSeenISO)
> 48 |         unread = (s[0]?.c || 0) + (v[0]?.c || 0)
     |                               ^
  49 |       } catch (e) {
  50 |         console.error("Error counting unread:", e)
  51 |         unread = 0
 GET /api/user/inbox 200 in 57ms (compile: 1850µs, render: 56ms)
Error counting unread: TypeError: Cannot mix BigInt and other types, use explicit conversions
    at GET (app/api/user/inbox/route.ts:48:31)
  46 |         const s: any[] = await prisma.$queryRawUnsafe(`SELECT COUNT(*) as c FROM suggestions WHERE LOWER(email)=LOWER($1) AND ((responded_at IS NOT NULL AND responded_at > $2::timestamptz) OR (responded_at IS NULL AND created_at > $2::timestamptz))`, String(email), lastSeenISO)
  47 |         const v: any[] = await prisma.$queryRawUnsafe(`SELECT COUNT(*) as c FROM volunteer_applications WHERE LOWER(email)=LOWER($1) AND ((responded_at IS NOT NULL AND responded_at > $2::timestamptz) OR (responded_at IS NULL AND created_at > $2::timestamptz))`, String(email), lastSeenISO)
> 48 |         unread = (s[0]?.c || 0) + (v[0]?.c || 0)
     |                               ^
  49 |       } catch (e) {
  50 |         console.error("Error counting unread:", e)
  51 |         unread = 0
 GET /api/user/inbox 200 in 58ms (compile: 1693µs, render: 57ms)
Error counting unread: TypeError: Cannot mix BigInt and other types, use explicit conversions
    at GET (app/api/user/inbox/route.ts:48:31)
  46 |         const s: any[] = await prisma.$queryRawUnsafe(`SELECT COUNT(*) as c FROM suggestions WHERE LOWER(email)=LOWER($1) AND ((responded_at IS NOT NULL AND responded_at > $2::timestamptz) OR (responded_at IS NULL AND created_at > $2::timestamptz))`, String(email), lastSeenISO)
  47 |         const v: any[] = await prisma.$queryRawUnsafe(`SELECT COUNT(*) as c FROM volunteer_applications WHERE LOWER(email)=LOWER($1) AND ((responded_at IS NOT NULL AND responded_at > $2::timestamptz) OR (responded_at IS NULL AND created_at > $2::timestamptz))`, String(email), lastSeenISO)
> 48 |         unread = (s[0]?.c || 0) + (v[0]?.c || 0)
     |                               ^
  49 |       } catch (e) {
  50 |         console.error("Error counting unread:", e)
  51 |         unread = 0
 GET /api/user/inbox 200 in 105ms (compile: 2ms, render: 102ms)
Error counting unread: TypeError: Cannot mix BigInt and other types, use explicit conversions
    at GET (app/api/user/inbox/route.ts:48:31)
  46 |         const s: any[] = await prisma.$queryRawUnsafe(`SELECT COUNT(*) as c FROM suggestions WHERE LOWER(email)=LOWER($1) AND ((responded_at IS NOT NULL AND responded_at > $2::timestamptz) OR (responded_at IS NULL AND created_at > $2::timestamptz))`, String(email), lastSeenISO)
  47 |         const v: any[] = await prisma.$queryRawUnsafe(`SELECT COUNT(*) as c FROM volunteer_applications WHERE LOWER(email)=LOWER($1) AND ((responded_at IS NOT NULL AND responded_at > $2::timestamptz) OR (responded_at IS NULL AND created_at > $2::timestamptz))`, String(email), lastSeenISO)
> 48 |         unread = (s[0]?.c || 0) + (v[0]?.c || 0)
     |                               ^
  49 |       } catch (e) {
  50 |         console.error("Error counting unread:", e)
  51 |         unread = 0
 GET /api/user/inbox 200 in 140ms (compile: 3ms, render: 138ms)
Error counting unread: TypeError: Cannot mix BigInt and other types, use explicit conversions
    at GET (app/api/user/inbox/route.ts:48:31)
  46 |         const s: any[] = await prisma.$queryRawUnsafe(`SELECT COUNT(*) as c FROM suggestions WHERE LOWER(email)=LOWER($1) AND ((responded_at IS NOT NULL AND responded_at > $2::timestamptz) OR (responded_at IS NULL AND created_at > $2::timestamptz))`, String(email), lastSeenISO)
  47 |         const v: any[] = await prisma.$queryRawUnsafe(`SELECT COUNT(*) as c FROM volunteer_applications WHERE LOWER(email)=LOWER($1) AND ((responded_at IS NOT NULL AND responded_at > $2::timestamptz) OR (responded_at IS NULL AND created_at > $2::timestamptz))`, String(email), lastSeenISO)
> 48 |         unread = (s[0]?.c || 0) + (v[0]?.c || 0)
     |                               ^
  49 |       } catch (e) {
  50 |         console.error("Error counting unread:", e)
  51 |         unread = 0
 GET /api/user/inbox 200 in 73ms (compile: 2ms, render: 71ms)
Error counting unread: TypeError: Cannot mix BigInt and other types, use explicit conversions
    at GET (app/api/user/inbox/route.ts:48:31)
  46 |         const s: any[] = await prisma.$queryRawUnsafe(`SELECT COUNT(*) as c FROM suggestions WHERE LOWER(email)=LOWER($1) AND ((responded_at IS NOT NULL AND responded_at > $2::timestamptz) OR (responded_at IS NULL AND created_at > $2::timestamptz))`, String(email), lastSeenISO)
  47 |         const v: any[] = await prisma.$queryRawUnsafe(`SELECT COUNT(*) as c FROM volunteer_applications WHERE LOWER(email)=LOWER($1) AND ((responded_at IS NOT NULL AND responded_at > $2::timestamptz) OR (responded_at IS NULL AND created_at > $2::timestamptz))`, String(email), lastSeenISO)
> 48 |         unread = (s[0]?.c || 0) + (v[0]?.c || 0)
     |                               ^
  49 |       } catch (e) {
  50 |         console.error("Error counting unread:", e)
  51 |         unread = 0
 GET /api/user/inbox 200 in 95ms (compile: 2ms, render: 93ms)
Error counting unread: TypeError: Cannot mix BigInt and other types, use explicit conversions
    at GET (app/api/user/inbox/route.ts:48:31)
  46 |         const s: any[] = await prisma.$queryRawUnsafe(`SELECT COUNT(*) as c FROM suggestions WHERE LOWER(email)=LOWER($1) AND ((responded_at IS NOT NULL AND responded_at > $2::timestamptz) OR (responded_at IS NULL AND created_at > $2::timestamptz))`, String(email), lastSeenISO)
  47 |         const v: any[] = await prisma.$queryRawUnsafe(`SELECT COUNT(*) as c FROM volunteer_applications WHERE LOWER(email)=LOWER($1) AND ((responded_at IS NOT NULL AND responded_at > $2::timestamptz) OR (responded_at IS NULL AND created_at > $2::timestamptz))`, String(email), lastSeenISO)
> 48 |         unread = (s[0]?.c || 0) + (v[0]?.c || 0)
     |                               ^
  49 |       } catch (e) {
  50 |         console.error("Error counting unread:", e)
  51 |         unread = 0
 GET /api/user/inbox 200 in 66ms (compile: 1759µs, render: 64ms)
Error counting unread: TypeError: Cannot mix BigInt and other types, use explicit conversions
    at GET (app/api/user/inbox/route.ts:48:31)
  46 |         const s: any[] = await prisma.$queryRawUnsafe(`SELECT COUNT(*) as c FROM suggestions WHERE LOWER(email)=LOWER($1) AND ((responded_at IS NOT NULL AND responded_at > $2::timestamptz) OR (responded_at IS NULL AND created_at > $2::timestamptz))`, String(email), lastSeenISO)
  47 |         const v: any[] = await prisma.$queryRawUnsafe(`SELECT COUNT(*) as c FROM volunteer_applications WHERE LOWER(email)=LOWER($1) AND ((responded_at IS NOT NULL AND responded_at > $2::timestamptz) OR (responded_at IS NULL AND created_at > $2::timestamptz))`, String(email), lastSeenISO)
> 48 |         unread = (s[0]?.c || 0) + (v[0]?.c || 0)
     |                               ^
  49 |       } catch (e) {
  50 |         console.error("Error counting unread:", e)
  51 |         unread = 0
 GET /api/user/inbox 200 in 67ms (compile: 3ms, render: 64ms)
Error counting unread: TypeError: Cannot mix BigInt and other types, use explicit conversions
    at GET (app/api/user/inbox/route.ts:48:31)
  46 |         const s: any[] = await prisma.$queryRawUnsafe(`SELECT COUNT(*) as c FROM suggestions WHERE LOWER(email)=LOWER($1) AND ((responded_at IS NOT NULL AND responded_at > $2::timestamptz) OR (responded_at IS NULL AND created_at > $2::timestamptz))`, String(email), lastSeenISO)
  47 |         const v: any[] = await prisma.$queryRawUnsafe(`SELECT COUNT(*) as c FROM volunteer_applications WHERE LOWER(email)=LOWER($1) AND ((responded_at IS NOT NULL AND responded_at > $2::timestamptz) OR (responded_at IS NULL AND created_at > $2::timestamptz))`, String(email), lastSeenISO)
> 48 |         unread = (s[0]?.c || 0) + (v[0]?.c || 0)
     |                               ^
  49 |       } catch (e) {
  50 |         console.error("Error counting unread:", e)
  51 |         unread = 0
 GET /api/user/inbox 200 in 74ms (compile: 1776µs, render: 73ms)
Error counting unread: TypeError: Cannot mix BigInt and other types, use explicit conversions
    at GET (app/api/user/inbox/route.ts:48:31)
  46 |         const s: any[] = await prisma.$queryRawUnsafe(`SELECT COUNT(*) as c FROM suggestions WHERE LOWER(email)=LOWER($1) AND ((responded_at IS NOT NULL AND responded_at > $2::timestamptz) OR (responded_at IS NULL AND created_at > $2::timestamptz))`, String(email), lastSeenISO)
  47 |         const v: any[] = await prisma.$queryRawUnsafe(`SELECT COUNT(*) as c FROM volunteer_applications WHERE LOWER(email)=LOWER($1) AND ((responded_at IS NOT NULL AND responded_at > $2::timestamptz) OR (responded_at IS NULL AND created_at > $2::timestamptz))`, String(email), lastSeenISO)
> 48 |         unread = (s[0]?.c || 0) + (v[0]?.c || 0)
     |                               ^
  49 |       } catch (e) {
  50 |         console.error("Error counting unread:", e)
  51 |         unread = 0
 GET /api/user/inbox 200 in 64ms (compile: 1588µs, render: 62ms)
Error counting unread: TypeError: Cannot mix BigInt and other types, use explicit conversions
    at GET (app/api/user/inbox/route.ts:48:31)
  46 |         const s: any[] = await prisma.$queryRawUnsafe(`SELECT COUNT(*) as c FROM suggestions WHERE LOWER(email)=LOWER($1) AND ((responded_at IS NOT NULL AND responded_at > $2::timestamptz) OR (responded_at IS NULL AND created_at > $2::timestamptz))`, String(email), lastSeenISO)
  47 |         const v: any[] = await prisma.$queryRawUnsafe(`SELECT COUNT(*) as c FROM volunteer_applications WHERE LOWER(email)=LOWER($1) AND ((responded_at IS NOT NULL AND responded_at > $2::timestamptz) OR (responded_at IS NULL AND created_at > $2::timestamptz))`, String(email), lastSeenISO)
> 48 |         unread = (s[0]?.c || 0) + (v[0]?.c || 0)
     |                               ^
  49 |       } catch (e) {
  50 |         console.error("Error counting unread:", e)
  51 |         unread = 0
 GET /api/user/inbox 200 in 58ms (compile: 1555µs, render: 57ms)
 POST /api/auth/login 200 in 100ms (compile: 1483µs, render: 98ms)
Error counting unread: TypeError: Cannot mix BigInt and other types, use explicit conversions
    at GET (app/api/user/inbox/route.ts:48:31)
  46 |         const s: any[] = await prisma.$queryRawUnsafe(`SELECT COUNT(*) as c FROM suggestions WHERE LOWER(email)=LOWER($1) AND ((responded_at IS NOT NULL AND responded_at > $2::timestamptz) OR (responded_at IS NULL AND created_at > $2::timestamptz))`, String(email), lastSeenISO)
  47 |         const v: any[] = await prisma.$queryRawUnsafe(`SELECT COUNT(*) as c FROM volunteer_applications WHERE LOWER(email)=LOWER($1) AND ((responded_at IS NOT NULL AND responded_at > $2::timestamptz) OR (responded_at IS NULL AND created_at > $2::timestamptz))`, String(email), lastSeenISO)
> 48 |         unread = (s[0]?.c || 0) + (v[0]?.c || 0)
     |                               ^
  49 |       } catch (e) {
  50 |         console.error("Error counting unread:", e)
  51 |         unread = 0
 GET /api/user/inbox 200 in 77ms (compile: 2ms, render: 74ms)
Error counting unread: TypeError: Cannot mix BigInt and other types, use explicit conversions
    at GET (app/api/user/inbox/route.ts:48:31)
  46 |         const s: any[] = await prisma.$queryRawUnsafe(`SELECT COUNT(*) as c FROM suggestions WHERE LOWER(email)=LOWER($1) AND ((responded_at IS NOT NULL AND responded_at > $2::timestamptz) OR (responded_at IS NULL AND created_at > $2::timestamptz))`, String(email), lastSeenISO)
  47 |         const v: any[] = await prisma.$queryRawUnsafe(`SELECT COUNT(*) as c FROM volunteer_applications WHERE LOWER(email)=LOWER($1) AND ((responded_at IS NOT NULL AND responded_at > $2::timestamptz) OR (responded_at IS NULL AND created_at > $2::timestamptz))`, String(email), lastSeenISO)
> 48 |         unread = (s[0]?.c || 0) + (v[0]?.c || 0)
     |                               ^
  49 |       } catch (e) {
  50 |         console.error("Error counting unread:", e)
  51 |         unread = 0
 GET /api/user/inbox 200 in 72ms (compile: 2ms, render: 70ms)
Error counting unread: TypeError: Cannot mix BigInt and other types, use explicit conversions
    at GET (app/api/user/inbox/route.ts:48:31)
  46 |         const s: any[] = await prisma.$queryRawUnsafe(`SELECT COUNT(*) as c FROM suggestions WHERE LOWER(email)=LOWER($1) AND ((responded_at IS NOT NULL AND responded_at > $2::timestamptz) OR (responded_at IS NULL AND created_at > $2::timestamptz))`, String(email), lastSeenISO)
  47 |         const v: any[] = await prisma.$queryRawUnsafe(`SELECT COUNT(*) as c FROM volunteer_applications WHERE LOWER(email)=LOWER($1) AND ((responded_at IS NOT NULL AND responded_at > $2::timestamptz) OR (responded_at IS NULL AND created_at > $2::timestamptz))`, String(email), lastSeenISO)
> 48 |         unread = (s[0]?.c || 0) + (v[0]?.c || 0)
     |                               ^
  49 |       } catch (e) {
  50 |         console.error("Error counting unread:", e)
  51 |         unread = 0
 GET /api/user/inbox 200 in 63ms (compile: 1531µs, render: 62ms)
Error counting unread: TypeError: Cannot mix BigInt and other types, use explicit conversions
    at GET (app/api/user/inbox/route.ts:48:31)
  46 |         const s: any[] = await prisma.$queryRawUnsafe(`SELECT COUNT(*) as c FROM suggestions WHERE LOWER(email)=LOWER($1) AND ((responded_at IS NOT NULL AND responded_at > $2::timestamptz) OR (responded_at IS NULL AND created_at > $2::timestamptz))`, String(email), lastSeenISO)
  47 |         const v: any[] = await prisma.$queryRawUnsafe(`SELECT COUNT(*) as c FROM volunteer_applications WHERE LOWER(email)=LOWER($1) AND ((responded_at IS NOT NULL AND responded_at > $2::timestamptz) OR (responded_at IS NULL AND created_at > $2::timestamptz))`, String(email), lastSeenISO)
> 48 |         unread = (s[0]?.c || 0) + (v[0]?.c || 0)
     |                               ^
  49 |       } catch (e) {
  50 |         console.error("Error counting unread:", e)
  51 |         unread = 0
 GET /api/user/inbox 200 in 64ms (compile: 1444µs, render: 62ms)
Error counting unread: TypeError: Cannot mix BigInt and other types, use explicit conversions
    at GET (app/api/user/inbox/route.ts:48:31)
  46 |         const s: any[] = await prisma.$queryRawUnsafe(`SELECT COUNT(*) as c FROM suggestions WHERE LOWER(email)=LOWER($1) AND ((responded_at IS NOT NULL AND responded_at > $2::timestamptz) OR (responded_at IS NULL AND created_at > $2::timestamptz))`, String(email), lastSeenISO)
  47 |         const v: any[] = await prisma.$queryRawUnsafe(`SELECT COUNT(*) as c FROM volunteer_applications WHERE LOWER(email)=LOWER($1) AND ((responded_at IS NOT NULL AND responded_at > $2::timestamptz) OR (responded_at IS NULL AND created_at > $2::timestamptz))`, String(email), lastSeenISO)
> 48 |         unread = (s[0]?.c || 0) + (v[0]?.c || 0)
     |                               ^
  49 |       } catch (e) {
  50 |         console.error("Error counting unread:", e)
  51 |         unread = 0
 GET /api/user/inbox 200 in 62ms (compile: 1407µs, render: 61ms)
Error counting unread: TypeError: Cannot mix BigInt and other types, use explicit conversions
    at GET (app/api/user/inbox/route.ts:48:31)
  46 |         const s: any[] = await prisma.$queryRawUnsafe(`SELECT COUNT(*) as c FROM suggestions WHERE LOWER(email)=LOWER($1) AND ((responded_at IS NOT NULL AND responded_at > $2::timestamptz) OR (responded_at IS NULL AND created_at > $2::timestamptz))`, String(email), lastSeenISO)
  47 |         const v: any[] = await prisma.$queryRawUnsafe(`SELECT COUNT(*) as c FROM volunteer_applications WHERE LOWER(email)=LOWER($1) AND ((responded_at IS NOT NULL AND responded_at > $2::timestamptz) OR (responded_at IS NULL AND created_at > $2::timestamptz))`, String(email), lastSeenISO)
> 48 |         unread = (s[0]?.c || 0) + (v[0]?.c || 0)
     |                               ^
  49 |       } catch (e) {
  50 |         console.error("Error counting unread:", e)
  51 |         unread = 0
 GET /api/user/inbox 200 in 68ms (compile: 2ms, render: 66ms)
Error counting unread: TypeError: Cannot mix BigInt and other types, use explicit conversions
    at GET (app/api/user/inbox/route.ts:48:31)
  46 |         const s: any[] = await prisma.$queryRawUnsafe(`SELECT COUNT(*) as c FROM suggestions WHERE LOWER(email)=LOWER($1) AND ((responded_at IS NOT NULL AND responded_at > $2::timestamptz) OR (responded_at IS NULL AND created_at > $2::timestamptz))`, String(email), lastSeenISO)
  47 |         const v: any[] = await prisma.$queryRawUnsafe(`SELECT COUNT(*) as c FROM volunteer_applications WHERE LOWER(email)=LOWER($1) AND ((responded_at IS NOT NULL AND responded_at > $2::timestamptz) OR (responded_at IS NULL AND created_at > $2::timestamptz))`, String(email), lastSeenISO)
> 48 |         unread = (s[0]?.c || 0) + (v[0]?.c || 0)
     |                               ^
  49 |       } catch (e) {
  50 |         console.error("Error counting unread:", e)
  51 |         unread = 0
 GET /api/user/inbox 200 in 65ms (compile: 1782µs, render: 63ms)
Error counting unread: TypeError: Cannot mix BigInt and other types, use explicit conversions
    at GET (app/api/user/inbox/route.ts:48:31)
  46 |         const s: any[] = await prisma.$queryRawUnsafe(`SELECT COUNT(*) as c FROM suggestions WHERE LOWER(email)=LOWER($1) AND ((responded_at IS NOT NULL AND responded_at > $2::timestamptz) OR (responded_at IS NULL AND created_at > $2::timestamptz))`, String(email), lastSeenISO)
  47 |         const v: any[] = await prisma.$queryRawUnsafe(`SELECT COUNT(*) as c FROM volunteer_applications WHERE LOWER(email)=LOWER($1) AND ((responded_at IS NOT NULL AND responded_at > $2::timestamptz) OR (responded_at IS NULL AND created_at > $2::timestamptz))`, String(email), lastSeenISO)
> 48 |         unread = (s[0]?.c || 0) + (v[0]?.c || 0)
     |                               ^
  49 |       } catch (e) {
  50 |         console.error("Error counting unread:", e)
  51 |         unread = 0
 GET /api/user/inbox 200 in 68ms (compile: 2ms, render: 66ms)
 POST /api/auth/login 200 in 105ms (compile: 1490µs, render: 104ms)
 GET /api/auth/me 200 in 27ms (compile: 2ms, render: 25ms)
 GET /dashboard 200 in 43ms (compile: 2ms, render: 40ms)
 GET /api/user/inbox 200 in 9ms (compile: 2ms, render: 7ms)
 GET /api/suggestions?email=jwrcjuja.1%40gmail.com 200 in 21ms (compile: 1466µs, render: 20ms)
 GET /api/volunteers?email=jwrcjuja.1%40gmail.com 200 in 25ms (compile: 1431µs, render: 24ms)
 GET /api/reminders 200 in 20ms (compile: 1466µs, render: 19ms)
 PATCH /api/user/inbox 200 in 8ms (compile: 1390µs, render: 7ms)
 GET /api/weekly-programs 200 in 27ms (compile: 2ms, render: 25ms)
 GET /api/announcements 200 in 29ms (compile: 1171µs, render: 27ms)
 GET /api/weekly-word 200 in 29ms (compile: 1342µs, render: 28ms)
 GET /api/settings 200 in 44ms (compile: 1036µs, render: 43ms)
 GET /api/events/signups?email=jwrcjuja.1%40gmail.com 200 in 22ms (compile: 1387µs, render: 21ms)
 PATCH /api/user/inbox 200 in 5ms (compile: 1041µs, render: 4ms)
 GET /api/suggestions?email=jwrcjuja.1%40gmail.com 200 in 5ms (compile: 1235µs, render: 4ms)
 GET /api/volunteers?email=jwrcjuja.1%40gmail.com 200 in 6ms (compile: 1134µs, render: 5ms)
 GET /api/reminders 200 in 4ms (compile: 1086µs, render: 3ms)
 GET /api/user/inbox 200 in 6ms (compile: 957µs, render: 5ms)
 GET /api/weekly-programs 200 in 4ms (compile: 955µs, render: 3ms)
 GET /api/weekly-word 200 in 4ms (compile: 1065µs, render: 3ms)
 GET /api/announcements 200 in 5ms (compile: 1328µs, render: 3ms)
 GET /api/settings 200 in 20ms (compile: 954µs, render: 19ms)
 GET /api/events/signups?email=jwrcjuja.1%40gmail.com 200 in 6ms (compile: 1523µs, render: 4ms)
 GET /api/suggestions?email=jwrcjuja.1%40gmail.com 200 in 6ms (compile: 1246µs, render: 4ms)
 GET /api/volunteers?email=jwrcjuja.1%40gmail.com 200 in 7ms (compile: 2ms, render: 5ms)
 GET /api/user/inbox 200 in 7ms (compile: 1405µs, render: 6ms)
 GET /api/suggestions?email=jwrcjuja.1%40gmail.com 200 in 8ms (compile: 1815µs, render: 6ms)
 GET /api/volunteers?email=jwrcjuja.1%40gmail.com 200 in 7ms (compile: 1035µs, render: 6ms)
 GET /api/suggestions?email=jwrcjuja.1%40gmail.com 200 in 6ms (compile: 1656µs, render: 4ms)
 GET /api/volunteers?email=jwrcjuja.1%40gmail.com 200 in 7ms (compile: 1210µs, render: 6ms)
 GET /api/suggestions?email=jwrcjuja.1%40gmail.com 200 in 9ms (compile: 1674µs, render: 7ms)
 GET /api/volunteers?email=jwrcjuja.1%40gmail.com 200 in 7ms (compile: 1198µs, render: 6ms)
 GET /api/announcements 200 in 7ms (compile: 1623µs, render: 5ms)
 GET /api/events?futureOnly=true&pageSize=100 200 in 23ms (compile: 3ms, render: 21ms)
 GET /api/volunteers?email=jwrcjuja.1%40gmail.com 200 in 7ms (compile: 1779µs, render: 5ms)
 GET /api/announcements 200 in 5ms (compile: 1284µs, render: 3ms)
 GET /api/events?futureOnly=true&pageSize=100 200 in 6ms (compile: 1741µs, render: 4ms)
 GET /api/volunteers?email=jwrcjuja.1%40gmail.com 200 in 10ms (compile: 1765µs, render: 8ms)
 GET /api/settings 200 in 24ms (compile: 1590µs, render: 23ms)
 GET /api/settings 200 in 22ms (compile: 1785µs, render: 20ms)
 GET /api/suggestions?email=jwrcjuja.1%40gmail.com 200 in 10ms (compile: 2ms, render: 8ms)
 GET /api/announcements 200 in 11ms (compile: 7ms, render: 4ms)
 GET /api/volunteers?email=jwrcjuja.1%40gmail.com 200 in 15ms (compile: 4ms, render: 10ms)
 GET /api/volunteers?email=jwrcjuja.1%40gmail.com 200 in 13ms (compile: 2ms, render: 11ms)
 GET /api/suggestions?email=jwrcjuja.1%40gmail.com 200 in 9ms (compile: 3ms, render: 7ms)
 GET /admin/dashboard 200 in 808ms (compile: 770ms, render: 38ms)
 GET /api/auth/me 200 in 17ms (compile: 2ms, render: 15ms)
 GET /api/events?pageSize=100 200 in 11ms (compile: 2ms, render: 8ms)
 GET /api/suggestions 200 in 12ms (compile: 2ms, render: 9ms)
 GET /api/volunteers 200 in 12ms (compile: 1339µs, render: 11ms)
 GET /api/announcements 200 in 9ms (compile: 3ms, render: 6ms)
 GET /api/auth/me 200 in 13ms (compile: 3ms, render: 9ms)
 GET /api/events?pageSize=100 200 in 10ms (compile: 2ms, render: 8ms)
 GET /api/suggestions 200 in 12ms (compile: 3ms, render: 9ms)
 GET /api/volunteers 200 in 12ms (compile: 2ms, render: 9ms)
 GET /api/announcements 200 in 7ms (compile: 2ms, render: 5ms)
 GET /api/suggestions 200 in 9ms (compile: 1906µs, render: 7ms)
 GET /api/volunteers 200 in 11ms (compile: 3ms, render: 8ms)
 GET /api/events?pageSize=100 200 in 6ms (compile: 1677µs, render: 5ms)
 GET /api/suggestions 200 in 13ms (compile: 3ms, render: 10ms)
 GET /api/events?pageSize=100 200 in 14ms (compile: 3ms, render: 10ms)
 GET /api/volunteers 200 in 10ms (compile: 3ms, render: 8ms)
 GET /api/suggestions 200 in 8ms (compile: 2ms, render: 6ms)
 GET /admin/reminders 200 in 66ms (compile: 2ms, render: 64ms)
 GET /api/auth/me 200 in 11ms (compile: 4ms, render: 7ms)
 GET /api/admin/reminders 200 in 30ms (compile: 2ms, render: 27ms)
 GET /api/admin/weekly-programs 200 in 25ms (compile: 1658µs, render: 23ms)
 PATCH /api/admin/reminders/32d31c1b-d0d7-49c8-92e0-6acab83d7e07 200 in 62ms (compile: 28ms, render: 34ms)
 GET /api/admin/reminders 200 in 7ms (compile: 2ms, render: 4ms)
 GET /admin/reminders 200 in 54ms (compile: 1843µs, render: 52ms)
 POST /api/auth/logout 200 in 116ms (compile: 113ms, render: 3ms)
 GET /admin/login 200 in 320ms (compile: 291ms, render: 29ms)
 GET / 200 in 52ms (compile: 2ms, render: 50ms)
 GET /api/user/inbox 200 in 5ms (compile: 2ms, render: 3ms)
 GET /api/user/inbox 200 in 4ms (compile: 1378µs, render: 2ms)
 GET /dashboard 200 in 20ms (compile: 2ms, render: 17ms)
 GET /api/suggestions?email=jwrcjuja.1%40gmail.com 200 in 9ms (compile: 1801µs, render: 7ms)
 GET /api/volunteers?email=jwrcjuja.1%40gmail.com 200 in 7ms (compile: 1522µs, render: 6ms)
 GET /api/announcements 200 in 10ms (compile: 2ms, render: 7ms)
 GET /api/reminders 200 in 7ms (compile: 2ms, render: 5ms)
 GET /api/weekly-programs 200 in 7ms (compile: 1473µs, render: 6ms)
 GET /api/weekly-word 200 in 5ms (compile: 1041µs, render: 4ms)
 GET /api/settings 200 in 20ms (compile: 1052µs, render: 19ms)
 PATCH /api/user/inbox 401 in 4ms (compile: 1363µs, render: 3ms)
 GET /api/events/signups?email=jwrcjuja.1%40gmail.com 401 in 5ms (compile: 1440µs, render: 3ms)
 PATCH /api/user/inbox 401 in 4ms (compile: 1446µs, render: 2ms)
 GET /api/suggestions?email=jwrcjuja.1%40gmail.com 200 in 6ms (compile: 1495µs, render: 4ms)
 GET /api/volunteers?email=jwrcjuja.1%40gmail.com 200 in 6ms (compile: 1027µs, render: 5ms)
 GET /api/announcements 200 in 4ms (compile: 1075µs, render: 3ms)
 GET /api/reminders 200 in 6ms (compile: 2ms, render: 4ms)
 GET /api/weekly-programs 200 in 5ms (compile: 1292µs, render: 4ms)
 GET /api/weekly-word 200 in 5ms (compile: 1193µs, render: 4ms)
 GET /api/user/inbox 200 in 4ms (compile: 1288µs, render: 2ms)
 GET /api/settings 200 in 32ms (compile: 2ms, render: 30ms)
 GET /api/events/signups?email=jwrcjuja.1%40gmail.com 401 in 5ms (compile: 1836µs, render: 3ms)
 GET /api/suggestions?email=jwrcjuja.1%40gmail.com 200 in 6ms (compile: 1150µs, render: 5ms)
 GET /api/user/inbox 200 in 3ms (compile: 1248µs, render: 2ms)
 GET /api/volunteers?email=jwrcjuja.1%40gmail.com 200 in 10ms (compile: 1126µs, render: 9ms)
 GET /api/suggestions?email=jwrcjuja.1%40gmail.com 200 in 6ms (compile: 1589µs, render: 5ms)
 GET /api/volunteers?email=jwrcjuja.1%40gmail.com 200 in 8ms (compile: 1139µs, render: 7ms)
 GET /api/suggestions?email=jwrcjuja.1%40gmail.com 200 in 5ms (compile: 1147µs, render: 4ms)
 GET /api/volunteers?email=jwrcjuja.1%40gmail.com 200 in 6ms (compile: 1063µs, render: 5ms)
 GET /api/suggestions?email=jwrcjuja.1%40gmail.com 200 in 7ms (compile: 1935µs, render: 5ms)
 GET /api/volunteers?email=jwrcjuja.1%40gmail.com 200 in 7ms (compile: 1252µs, render: 6ms)
 GET /api/announcements 200 in 7ms (compile: 1077µs, render: 6ms)
 GET /api/events?futureOnly=true&pageSize=100 200 in 10ms (compile: 1226µs, render: 9ms)
 GET /api/volunteers?email=jwrcjuja.1%40gmail.com 200 in 10ms (compile: 2ms, render: 7ms)
 GET /api/announcements 200 in 8ms (compile: 2ms, render: 6ms)
 GET /api/events?futureOnly=true&pageSize=100 200 in 7ms (compile: 1177µs, render: 5ms)
 GET /api/volunteers?email=jwrcjuja.1%40gmail.com 200 in 7ms (compile: 1696µs, render: 5ms)
 GET /api/settings 200 in 24ms (compile: 1306µs, render: 22ms)
 GET /api/settings 200 in 21ms (compile: 1651µs, render: 19ms)
 PATCH /api/admin/reminders/32d31c1b-d0d7-49c8-92e0-6acab83d7e07 200 in 41ms (compile: 30ms, render: 11ms)
 GET /api/admin/reminders 200 in 14ms (compile: 3ms, render: 10ms)
 GET /dashboard 200 in 38ms (compile: 3ms, render: 35ms)
 GET /api/suggestions?email=jwrcjuja.1%40gmail.com 200 in 6ms (compile: 1825µs, render: 5ms)
 GET /api/volunteers?email=jwrcjuja.1%40gmail.com 200 in 8ms (compile: 1847µs, render: 6ms)
 GET /api/announcements 200 in 5ms (compile: 2ms, render: 2ms)
 GET /api/volunteers?email=jwrcjuja.1%40gmail.com 200 in 7ms (compile: 2ms, render: 5ms)
 GET /api/auth/me 200 in 7ms (compile: 2ms, render: 5ms)
 GET /api/suggestions?email=jwrcjuja.1%40gmail.com 200 in 9ms (compile: 1874µs, render: 7ms)
 GET /api/volunteers?email=jwrcjuja.1%40gmail.com 200 in 8ms (compile: 1460µs, render: 7ms)
 GET /api/announcements 200 in 5ms (compile: 1746µs, render: 4ms)
 GET /api/reminders 200 in 9ms (compile: 3ms, render: 5ms)
 GET /api/weekly-programs 200 in 8ms (compile: 5ms, render: 3ms)
 GET /api/weekly-word 200 in 6ms (compile: 1585µs, render: 4ms)
 PATCH /api/user/inbox 401 in 4ms (compile: 1908µs, render: 2ms)
 GET /api/events/signups?email=jwrcjuja.1%40gmail.com 401 in 4ms (compile: 2ms, render: 1769µs)
 GET /api/suggestions?email=jwrcjuja.1%40gmail.com 200 in 6ms (compile: 1442µs, render: 5ms)
 GET /api/settings 200 in 33ms (compile: 1864µs, render: 31ms)
 GET /api/volunteers?email=jwrcjuja.1%40gmail.com 200 in 6ms (compile: 1280µs, render: 5ms)
 GET /api/announcements 200 in 6ms (compile: 1953µs, render: 4ms)
 GET /api/user/inbox 200 in 4ms (compile: 1233µs, render: 2ms)
 GET /api/suggestions?email=jwrcjuja.1%40gmail.com 200 in 6ms (compile: 1383µs, render: 5ms)
 GET /api/volunteers?email=jwrcjuja.1%40gmail.com 200 in 9ms (compile: 3ms, render: 6ms)
 GET /api/suggestions?email=jwrcjuja.1%40gmail.com 200 in 8ms (compile: 2ms, render: 6ms)
 GET /api/volunteers?email=jwrcjuja.1%40gmail.com 200 in 9ms (compile: 3ms, render: 5ms)
 GET /api/suggestions?email=jwrcjuja.1%40gmail.com 200 in 6ms (compile: 2ms, render: 4ms)
 GET /api/volunteers?email=jwrcjuja.1%40gmail.com 200 in 6ms (compile: 1084µs, render: 5ms)
 GET /api/announcements 200 in 7ms (compile: 1679µs, render: 5ms)
 GET /api/events?futureOnly=true&pageSize=100 200 in 9ms (compile: 2ms, render: 7ms)
 GET /api/volunteers?email=jwrcjuja.1%40gmail.com 200 in 11ms (compile: 5ms, render: 6ms)
 GET /api/settings 200 in 23ms (compile: 1900µs, render: 21ms)
 POST /api/admin/reminders 201 in 9ms (compile: 2ms, render: 7ms)
 GET /api/admin/reminders 200 in 9ms (compile: 5ms, render: 4ms)
 PATCH /api/admin/reminders/32d31c1b-d0d7-49c8-92e0-6acab83d7e07 200 in 45ms (compile: 35ms, render: 10ms)
 GET /api/admin/reminders 200 in 6ms (compile: 1924µs, render: 4ms)
 GET /api/suggestions?email=jwrcjuja.1%40gmail.com 200 in 7ms (compile: 1839µs, render: 5ms)
 GET /api/suggestions?email=jwrcjuja.1%40gmail.com 200 in 6ms (compile: 1366µs, render: 5ms)
 GET /api/volunteers?email=jwrcjuja.1%40gmail.com 200 in 53ms (compile: 1895µs, render: 51ms)
 GET /api/announcements 200 in 4ms (compile: 1283µs, render: 3ms)
 GET /api/volunteers?email=jwrcjuja.1%40gmail.com 200 in 6ms (compile: 1113µs, render: 5ms)
 GET /dashboard 200 in 39ms (compile: 1925µs, render: 37ms)
 GET /api/auth/me 200 in 12ms (compile: 1891µs, render: 10ms)
 GET /api/suggestions?email=jwrcjuja.1%40gmail.com 200 in 8ms (compile: 2ms, render: 6ms)
 GET /api/announcements 200 in 9ms (compile: 5ms, render: 4ms)
 GET /api/volunteers?email=jwrcjuja.1%40gmail.com 200 in 18ms (compile: 3ms, render: 15ms)
 GET /api/reminders 200 in 9ms (compile: 2ms, render: 7ms)
 GET /api/weekly-programs 200 in 9ms (compile: 4ms, render: 5ms)
 GET /api/weekly-word 200 in 6ms (compile: 2ms, render: 4ms)
 GET /api/events/signups?email=jwrcjuja.1%40gmail.com 401 in 5ms (compile: 1600µs, render: 3ms)
 PATCH /api/user/inbox 401 in 6ms (compile: 3ms, render: 3ms)
 GET /api/suggestions?email=jwrcjuja.1%40gmail.com 200 in 12ms (compile: 6ms, render: 6ms)
 GET /api/settings 200 in 48ms (compile: 1568µs, render: 46ms)
 GET /api/volunteers?email=jwrcjuja.1%40gmail.com 200 in 9ms (compile: 3ms, render: 7ms)
 GET /api/announcements 200 in 6ms (compile: 1596µs, render: 4ms)
 GET /api/suggestions?email=jwrcjuja.1%40gmail.com 200 in 5ms (compile: 1119µs, render: 4ms)
 GET /api/user/inbox 200 in 3ms (compile: 1297µs, render: 2ms)
 GET /api/volunteers?email=jwrcjuja.1%40gmail.com 200 in 6ms (compile: 1004µs, render: 5ms)
 GET /api/suggestions?email=jwrcjuja.1%40gmail.com 200 in 5ms (compile: 1480µs, render: 4ms)
 GET /api/volunteers?email=jwrcjuja.1%40gmail.com 200 in 6ms (compile: 1272µs, render: 5ms)
 GET /api/suggestions?email=jwrcjuja.1%40gmail.com 200 in 6ms (compile: 1546µs, render: 4ms)
 GET /api/volunteers?email=jwrcjuja.1%40gmail.com 200 in 6ms (compile: 1076µs, render: 5ms)
 GET /api/announcements 200 in 9ms (compile: 2ms, render: 7ms)
 GET /api/events?futureOnly=true&pageSize=100 200 in 9ms (compile: 1992µs, render: 7ms)
 GET /api/volunteers?email=jwrcjuja.1%40gmail.com 200 in 7ms (compile: 1704µs, render: 6ms)
 GET /api/settings 200 in 21ms (compile: 1458µs, render: 20ms)
 GET /api/suggestions?email=jwrcjuja.1%40gmail.com 200 in 9ms (compile: 2ms, render: 6ms)
 GET /api/announcements 200 in 8ms (compile: 4ms, render: 4ms)
 GET /api/volunteers?email=jwrcjuja.1%40gmail.com 200 in 10ms (compile: 1753µs, render: 8ms)
 GET /api/volunteers?email=jwrcjuja.1%40gmail.com 200 in 12ms (compile: 2ms, render: 9ms)
 GET /api/suggestions?email=jwrcjuja.1%40gmail.com 200 in 7ms (compile: 1694µs, render: 5ms)
 POST /api/admin/reminders 201 in 8ms (compile: 1583µs, render: 6ms)
 GET /api/admin/reminders 200 in 7ms (compile: 2ms, render: 5ms)
 GET /dashboard 200 in 38ms (compile: 2ms, render: 36ms)
 GET /api/auth/me 200 in 7ms (compile: 1662µs, render: 5ms)
 GET /api/suggestions?email=jwrcjuja.1%40gmail.com 200 in 7ms (compile: 1864µs, render: 5ms)
 GET /api/volunteers?email=jwrcjuja.1%40gmail.com 200 in 8ms (compile: 2ms, render: 6ms)
 PATCH /api/user/inbox 401 in 4ms (compile: 1292µs, render: 2ms)
 GET /api/announcements 200 in 5ms (compile: 1501µs, render: 4ms)
 GET /api/reminders 200 in 7ms (compile: 3ms, render: 5ms)
 GET /api/weekly-programs 200 in 5ms (compile: 1094µs, render: 3ms)
 GET /api/weekly-word 200 in 6ms (compile: 1274µs, render: 5ms)
 GET /api/settings 200 in 23ms (compile: 1362µs, render: 22ms)
 GET /api/events/signups?email=jwrcjuja.1%40gmail.com 401 in 4ms (compile: 1825µs, render: 2ms)
 GET /api/suggestions?email=jwrcjuja.1%40gmail.com 200 in 7ms (compile: 1621µs, render: 5ms)
 GET /api/volunteers?email=jwrcjuja.1%40gmail.com 200 in 7ms (compile: 1526µs, render: 5ms)
 GET /api/user/inbox 200 in 5ms (compile: 1819µs, render: 3ms)
 GET /api/announcements 200 in 4ms (compile: 1145µs, render: 3ms)
 GET /api/suggestions?email=jwrcjuja.1%40gmail.com 200 in 6ms (compile: 1084µs, render: 5ms)
 GET /api/volunteers?email=jwrcjuja.1%40gmail.com 200 in 7ms (compile: 1727µs, render: 6ms)
 GET /api/suggestions?email=jwrcjuja.1%40gmail.com 200 in 6ms (compile: 1617µs, render: 4ms)
 GET /api/volunteers?email=jwrcjuja.1%40gmail.com 200 in 7ms (compile: 1452µs, render: 5ms)
 GET /api/suggestions?email=jwrcjuja.1%40gmail.com 200 in 7ms (compile: 2ms, render: 4ms)
 GET /api/volunteers?email=jwrcjuja.1%40gmail.com 200 in 8ms (compile: 1776µs, render: 6ms)
 GET /api/announcements 200 in 7ms (compile: 1965µs, render: 5ms)
 GET /api/events?futureOnly=true&pageSize=100 200 in 11ms (compile: 2ms, render: 8ms)
 GET /api/volunteers?email=jwrcjuja.1%40gmail.com 200 in 12ms (compile: 5ms, render: 7ms)
 GET /api/settings 200 in 21ms (compile: 1692µs, render: 19ms)
 GET /api/suggestions?email=jwrcjuja.1%40gmail.com 200 in 7ms (compile: 1721µs, render: 5ms)
 GET /api/announcements 200 in 7ms (compile: 4ms, render: 3ms)
 GET /api/volunteers?email=jwrcjuja.1%40gmail.com 200 in 11ms (compile: 4ms, render: 8ms)
 GET /api/volunteers?email=jwrcjuja.1%40gmail.com 200 in 12ms (compile: 2ms, render: 10ms)
 GET /api/suggestions?email=jwrcjuja.1%40gmail.com 200 in 7ms (compile: 1877µs, render: 5ms)
 GET /api/suggestions?email=jwrcjuja.1%40gmail.com 200 in 8ms (compile: 1960µs, render: 6ms)
 GET /api/announcements 200 in 7ms (compile: 3ms, render: 3ms)
 GET /api/volunteers?email=jwrcjuja.1%40gmail.com 200 in 12ms (compile: 1539µs, render: 10ms)
 GET /api/suggestions?email=jwrcjuja.1%40gmail.com 200 in 6ms (compile: 1795µs, render: 5ms)
 GET /api/volunteers?email=jwrcjuja.1%40gmail.com 200 in 6ms (compile: 991µs, render: 5ms)
 GET / 200 in 95ms (compile: 1827µs, render: 93ms)
 GET /api/events?futureOnly=true&pageSize=100 200 in 7ms (compile: 1516µs, render: 5ms)
 GET /api/volunteers?email=jwrcjuja.1%40gmail.com 200 in 6ms (compile: 1049µs, render: 5ms)
 GET /api/weekly-programs 200 in 4ms (compile: 1020µs, render: 3ms)
 GET /api/user/inbox 200 in 6ms (compile: 2ms, render: 3ms)
 GET /api/announcements 200 in 5ms (compile: 1336µs, render: 3ms)
 GET /api/weekly-word 200 in 9ms (compile: 2ms, render: 7ms)
 GET /api/events/signups?email=jwrcjuja.1%40gmail.com 401 in 7ms (compile: 5ms, render: 2ms)
 GET /api/settings 200 in 63ms (compile: 4ms, render: 60ms)
 GET /api/volunteers?email=jwrcjuja.1%40gmail.com 200 in 16ms (compile: 6ms, render: 10ms)
 GET /api/suggestions?email=jwrcjuja.1%40gmail.com 200 in 18ms (compile: 3ms, render: 15ms)
 GET /api/announcements 200 in 11ms (compile: 5ms, render: 7ms)
 GET /give 200 in 516ms (compile: 406ms, render: 111ms)
 GET /api/volunteers?email=jwrcjuja.1%40gmail.com 200 in 10ms (compile: 1538µs, render: 8ms)
 GET /api/suggestions?email=jwrcjuja.1%40gmail.com 200 in 6ms (compile: 1468µs, render: 4ms)
 GET /api/user/inbox 200 in 4ms (compile: 1581µs, render: 3ms)
 GET /api/auth/me 200 in 6ms (compile: 1997µs, render: 4ms)
 GET /api/user/inbox 200 in 5ms (compile: 1838µs, render: 3ms)
 GET /dashboard 200 in 22ms (compile: 2ms, render: 20ms)
 GET /api/reminders 200 in 9ms (compile: 1969µs, render: 7ms)
 GET /api/weekly-programs 200 in 5ms (compile: 964µs, render: 4ms)
 GET /api/suggestions?email=jwrcjuja.1%40gmail.com 200 in 5ms (compile: 1097µs, render: 3ms)
 GET /api/weekly-word 200 in 6ms (compile: 1676µs, render: 4ms)
 GET /api/announcements 200 in 7ms (compile: 4ms, render: 3ms)
 GET /api/volunteers?email=jwrcjuja.1%40gmail.com 200 in 10ms (compile: 2ms, render: 8ms)
 GET /api/settings 200 in 21ms (compile: 1304µs, render: 19ms)
 GET /api/events/signups?email=jwrcjuja.1%40gmail.com 401 in 5ms (compile: 1993µs, render: 3ms)
 PATCH /api/user/inbox 401 in 4ms (compile: 1924µs, render: 2ms)
 PATCH /api/user/inbox 401 in 5ms (compile: 3ms, render: 2ms)
 GET /api/reminders 200 in 6ms (compile: 1291µs, render: 4ms)
 GET /api/weekly-programs 200 in 6ms (compile: 1664µs, render: 5ms)
 GET /api/suggestions?email=jwrcjuja.1%40gmail.com 200 in 6ms (compile: 1808µs, render: 4ms)
 GET /api/weekly-word 200 in 4ms (compile: 947µs, render: 3ms)
 GET /api/volunteers?email=jwrcjuja.1%40gmail.com 200 in 5ms (compile: 929µs, render: 4ms)
 GET /api/announcements 200 in 3ms (compile: 884µs, render: 3ms)
 GET /api/events/signups?email=jwrcjuja.1%40gmail.com 401 in 3ms (compile: 1199µs, render: 2ms)
 GET /api/settings 200 in 27ms (compile: 930µs, render: 26ms)
 GET /api/user/inbox 200 in 4ms (compile: 1344µs, render: 2ms)
 GET /api/suggestions?email=jwrcjuja.1%40gmail.com 200 in 8ms (compile: 1565µs, render: 6ms)
 GET /api/volunteers?email=jwrcjuja.1%40gmail.com 200 in 9ms (compile: 4ms, render: 5ms)
 GET /api/user/inbox 200 in 4ms (compile: 1552µs, render: 2ms)
 GET /api/suggestions?email=jwrcjuja.1%40gmail.com 200 in 7ms (compile: 1462µs, render: 6ms)
 GET /api/volunteers?email=jwrcjuja.1%40gmail.com 200 in 6ms (compile: 1091µs, render: 5ms)
 GET /api/suggestions?email=jwrcjuja.1%40gmail.com 200 in 6ms (compile: 1699µs, render: 5ms)
 GET /api/volunteers?email=jwrcjuja.1%40gmail.com 200 in 6ms (compile: 984µs, render: 5ms)
 GET /api/suggestions?email=jwrcjuja.1%40gmail.com 200 in 6ms (compile: 1805µs, render: 4ms)
 GET /api/volunteers?email=jwrcjuja.1%40gmail.com 200 in 6ms (compile: 1049µs, render: 5ms)
 GET /api/announcements 200 in 6ms (compile: 1368µs, render: 4ms)
 GET /api/events?futureOnly=true&pageSize=100 200 in 7ms (compile: 3ms, render: 5ms)
 GET /api/volunteers?email=jwrcjuja.1%40gmail.com 200 in 6ms (compile: 1041µs, render: 5ms)
 GET /api/announcements 200 in 6ms (compile: 1548µs, render: 4ms)
 GET /api/events?futureOnly=true&pageSize=100 200 in 7ms (compile: 3ms, render: 4ms)
 GET /api/volunteers?email=jwrcjuja.1%40gmail.com 200 in 7ms (compile: 1923µs, render: 6ms)
 GET /api/settings 200 in 21ms (compile: 1554µs, render: 20ms)
 GET /api/settings 200 in 24ms (compile: 1926µs, render: 22ms)
 GET /api/suggestions?email=jwrcjuja.1%40gmail.com 200 in 6ms (compile: 1584µs, render: 4ms)
 GET /api/announcements 200 in 5ms (compile: 1293µs, render: 3ms)
 GET /api/volunteers?email=jwrcjuja.1%40gmail.com 200 in 9ms (compile: 1122µs, render: 8ms)
 GET /api/volunteers?email=jwrcjuja.1%40gmail.com 200 in 11ms (compile: 2ms, render: 9ms)
 GET /api/suggestions?email=jwrcjuja.1%40gmail.com 200 in 8ms (compile: 3ms, render: 5ms)
 GET /api/suggestions?email=jwrcjuja.1%40gmail.com 200 in 8ms (compile: 2ms, render: 6ms)
 GET /api/announcements 200 in 9ms (compile: 5ms, render: 3ms)
 GET /api/volunteers?email=jwrcjuja.1%40gmail.com 200 in 11ms (compile: 3ms, render: 8ms)
 GET /api/volunteers?email=jwrcjuja.1%40gmail.com 200 in 8ms (compile: 1655µs, render: 6ms)
 GET /api/suggestions?email=jwrcjuja.1%40gmail.com 200 in 6ms (compile: 1515µs, render: 5ms)
 GET /api/announcements 200 in 6ms (compile: 1687µs, render: 4ms)
 GET /api/user/inbox 200 in 3ms (compile: 1155µs, render: 2ms)
 GET /api/weekly-programs 200 in 8ms (compile: 4ms, render: 4ms)
 GET /api/events?futureOnly=true&pageSize=100 200 in 10ms (compile: 1824µs, render: 8ms)
 GET /api/suggestions?email=jwrcjuja.1%40gmail.com 200 in 37ms (compile: 4ms, render: 33ms)
 GET / 200 in 138ms (compile: 1768µs, render: 136ms)
 GET /api/volunteers?email=jwrcjuja.1%40gmail.com 200 in 8ms (compile: 1818µs, render: 6ms)
 GET /api/announcements 200 in 12ms (compile: 7ms, render: 5ms)
 GET /api/volunteers?email=jwrcjuja.1%40gmail.com 200 in 16ms (compile: 5ms, render: 11ms)
 GET /give 200 in 59ms (compile: 1581µs, render: 57ms)
 GET /api/volunteers?email=jwrcjuja.1%40gmail.com 200 in 37ms (compile: 9ms, render: 28ms)
 GET /api/suggestions?email=jwrcjuja.1%40gmail.com 200 in 7ms (compile: 1915µs, render: 5ms)
 GET /api/announcements 200 in 8ms (compile: 2ms, render: 5ms)
 GET /api/volunteers?email=jwrcjuja.1%40gmail.com 200 in 12ms (compile: 3ms, render: 9ms)
 GET /api/suggestions?email=jwrcjuja.1%40gmail.com 200 in 8ms (compile: 2ms, render: 6ms)
 GET /api/user/inbox 200 in 10ms (compile: 5ms, render: 5ms)
 GET /api/auth/me 200 in 12ms (compile: 4ms, render: 8ms)
 GET /api/user/inbox 200 in 7ms (compile: 3ms, render: 4ms)
 POST /api/mpesa/stk 502 in 2.8s (compile: 91ms, render: 2.7s)
 GET /api/user/inbox 200 in 4ms (compile: 1472µs, render: 3ms)
 GET /api/user/inbox 200 in 5ms (compile: 2ms, render: 3ms)
 GET /api/user/inbox 200 in 4ms (compile: 2ms, render: 2ms)
 GET /api/user/inbox 200 in 4ms (compile: 1773µs, render: 2ms)
 GET /api/user/inbox 200 in 4ms (compile: 1677µs, render: 2ms)
 GET /api/user/inbox 200 in 5ms (compile: 1756µs, render: 3ms)
 GET /api/user/inbox 200 in 4ms (compile: 1940µs, render: 2ms)
 GET /api/user/inbox 200 in 5ms (compile: 1686µs, render: 3ms)
 GET /api/user/inbox 200 in 4ms (compile: 1481µs, render: 2ms)
 GET /api/user/inbox 200 in 4ms (compile: 1540µs, render: 2ms)
 GET /api/user/inbox 200 in 12ms (compile: 2ms, render: 9ms)
✓ Compiled in 156ms
 GET /api/user/inbox 200 in 4ms (compile: 1742µs, render: 2ms)
 GET /api/user/inbox 200 in 4ms (compile: 1663µs, render: 2ms)
 GET /api/user/inbox 200 in 5ms (compile: 1631µs, render: 3ms)
 GET /api/user/inbox 200 in 4ms (compile: 1610µs, render: 3ms)
 GET /api/user/inbox 200 in 4ms (compile: 1551µs, render: 2ms)
 GET /api/user/inbox 200 in 5ms (compile: 2ms, render: 2ms)
 GET /api/user/inbox 200 in 6ms (compile: 1809µs, render: 4ms)
 GET /api/user/inbox 200 in 5ms (compile: 1935µs, render: 3ms)
 GET /api/user/inbox 200 in 5ms (compile: 1878µs, render: 3ms)
 GET /api/user/inbox 200 in 5ms (compile: 2ms, render: 2ms)
 GET /api/user/inbox 200 in 5ms (compile: 1380µs, render: 3ms)
 GET /api/user/inbox 200 in 4ms (compile: 1562µs, render: 3ms)
 GET /api/user/inbox 200 in 4ms (compile: 1495µs, render: 2ms)
 GET /api/user/inbox 200 in 4ms (compile: 1862µs, render: 2ms)
 GET /api/user/inbox 200 in 5ms (compile: 1680µs, render: 3ms)
 GET /api/user/inbox 200 in 5ms (compile: 1835µs, render: 3ms)
 GET /api/user/inbox 200 in 5ms (compile: 1797µs, render: 3ms)
 GET /api/user/inbox 200 in 4ms (compile: 1940µs, render: 2ms)
 GET /api/user/inbox 200 in 6ms (compile: 1840µs, render: 4ms)
 GET /api/user/inbox 200 in 4ms (compile: 1620µs, render: 3ms)
 GET /api/user/inbox 200 in 5ms (compile: 1956µs, render: 3ms)
 GET /api/user/inbox 200 in 5ms (compile: 2ms, render: 3ms)
 GET /api/user/inbox 200 in 5ms (compile: 1903µs, render: 3ms)
 GET /api/user/inbox 200 in 5ms (compile: 1859µs, render: 3ms)
 GET /api/user/inbox 200 in 4ms (compile: 1595µs, render: 3ms)
 GET /api/user/inbox 200 in 5ms (compile: 1622µs, render: 3ms)
 GET /api/user/inbox 200 in 4ms (compile: 1459µs, render: 2ms)
 GET /api/user/inbox 200 in 3ms (compile: 1230µs, render: 2ms)
 GET /api/user/inbox 200 in 4ms (compile: 2ms, render: 2ms)
 GET /api/user/inbox 200 in 4ms (compile: 1471µs, render: 3ms)
 GET /api/user/inbox 200 in 5ms (compile: 1756µs, render: 3ms)
 GET /api/user/inbox 200 in 4ms (compile: 1569µs, render: 2ms)
 GET /api/user/inbox 200 in 5ms (compile: 2ms, render: 2ms)
 GET /api/user/inbox 200 in 6ms (compile: 2ms, render: 4ms)
 GET /api/user/inbox 200 in 5ms (compile: 1753µs, render: 3ms)
 GET /api/user/inbox 200 in 4ms (compile: 1585µs, render: 2ms)
 GET /api/user/inbox 200 in 4ms (compile: 1880µs, render: 2ms)
 GET /api/user/inbox 200 in 5ms (compile: 1598µs, render: 3ms)
 GET /api/user/inbox 200 in 4ms (compile: 1633µs, render: 3ms)
 GET /api/user/inbox 200 in 4ms (compile: 1604µs, render: 3ms)
 GET /api/user/inbox 200 in 4ms (compile: 1803µs, render: 2ms)
 GET /api/user/inbox 200 in 5ms (compile: 1635µs, render: 3ms)
 GET /api/user/inbox 200 in 4ms (compile: 1606µs, render: 3ms)
 GET /dashboard 200 in 142ms (compile: 78ms, render: 64ms)
 GET /api/reminders 200 in 26ms (compile: 1640µs, render: 24ms)
 GET /api/weekly-programs 200 in 22ms (compile: 1405µs, render: 21ms)
 PATCH /api/user/inbox 401 in 4ms (compile: 1295µs, render: 2ms)
 GET /api/events/signups?email=jwrcjuja.1%40gmail.com 401 in 8ms (compile: 5ms, render: 3ms)
 GET /api/suggestions?email=jwrcjuja.1%40gmail.com 200 in 34ms (compile: 1907µs, render: 32ms)
 GET /api/announcements 200 in 35ms (compile: 4ms, render: 31ms)
 GET /api/weekly-word 200 in 36ms (compile: 1989µs, render: 34ms)
 GET /api/settings 200 in 55ms (compile: 8ms, render: 47ms)
 PATCH /api/user/inbox 401 in 5ms (compile: 1883µs, render: 3ms)
 GET /api/volunteers?email=jwrcjuja.1%40gmail.com 200 in 30ms (compile: 1300µs, render: 29ms)
 GET /api/volunteers?email=jwrcjuja.1%40gmail.com 200 in 28ms (compile: 1354µs, render: 27ms)
 GET /api/volunteers?email=jwrcjuja.1%40gmail.com 200 in 34ms (compile: 1273µs, render: 33ms)
 GET /api/reminders 200 in 7ms (compile: 1999µs, render: 5ms)
 GET /api/weekly-programs 200 in 4ms (compile: 1063µs, render: 3ms)
 GET /api/user/inbox 200 in 5ms (compile: 1986µs, render: 3ms)
 GET /api/events/signups?email=jwrcjuja.1%40gmail.com 401 in 3ms (compile: 1394µs, render: 2ms)
 GET /api/announcements 200 in 20ms (compile: 3ms, render: 18ms)
 GET /api/weekly-word 200 in 21ms (compile: 8ms, render: 13ms)
 GET /api/suggestions?email=jwrcjuja.1%40gmail.com 200 in 23ms (compile: 5ms, render: 18ms)
 GET /api/settings 200 in 43ms (compile: 11ms, render: 32ms)
 GET /api/volunteers?email=jwrcjuja.1%40gmail.com 200 in 9ms (compile: 3ms, render: 7ms)
 GET /api/user/inbox 200 in 5ms (compile: 3ms, render: 2ms)
 GET /api/suggestions?email=jwrcjuja.1%40gmail.com 200 in 9ms (compile: 5ms, render: 3ms)
 GET /api/suggestions?email=jwrcjuja.1%40gmail.com 200 in 9ms (compile: 1576µs, render: 7ms)
 GET /api/volunteers?email=jwrcjuja.1%40gmail.com 200 in 8ms (compile: 1418µs, render: 6ms)
 GET /api/suggestions?email=jwrcjuja.1%40gmail.com 200 in 6ms (compile: 1107µs, render: 4ms)
 GET /api/volunteers?email=jwrcjuja.1%40gmail.com 200 in 7ms (compile: 2ms, render: 5ms)
 GET /api/suggestions?email=jwrcjuja.1%40gmail.com 200 in 10ms (compile: 1430µs, render: 8ms)
 GET /api/announcements 200 in 5ms (compile: 1129µs, render: 4ms)
 GET /api/volunteers?email=jwrcjuja.1%40gmail.com 200 in 8ms (compile: 3ms, render: 5ms)
 GET /api/events?futureOnly=true&pageSize=100 200 in 22ms (compile: 1606µs, render: 21ms)
 GET /give 200 in 14ms (compile: 1508µs, render: 12ms)
 GET /api/settings 200 in 21ms (compile: 1447µs, render: 19ms)
 GET /api/announcements 200 in 8ms (compile: 1550µs, render: 7ms)
 GET /api/events?futureOnly=true&pageSize=100 200 in 8ms (compile: 2ms, render: 6ms)
 GET /api/volunteers?email=jwrcjuja.1%40gmail.com 200 in 10ms (compile: 5ms, render: 5ms)
 GET /api/user/inbox 200 in 3ms (compile: 1195µs, render: 1826µs)
 GET /api/user/inbox 200 in 5ms (compile: 2ms, render: 3ms)
 GET /api/settings 200 in 21ms (compile: 1566µs, render: 19ms)
 GET /admin/scan-ticket 200 in 659ms (compile: 618ms, render: 41ms)
 GET /api/user/inbox 200 in 6ms (compile: 1942µs, render: 4ms)
 GET /admin/tickets 200 in 312ms (compile: 288ms, render: 23ms)
 GET /api/admin/events 401 in 113ms (compile: 107ms, render: 5ms)
 GET /api/admin/events 401 in 4ms (compile: 1311µs, render: 3ms)
 GET /api/user/inbox 200 in 5ms (compile: 1719µs, render: 3ms)
 GET /api/user/inbox 200 in 5ms (compile: 1709µs, render: 3ms)
 GET /api/user/inbox 200 in 6ms (compile: 3ms, render: 3ms)
 GET /api/user/inbox 200 in 5ms (compile: 1932µs, render: 3ms)
 GET /api/user/inbox 200 in 4ms (compile: 1602µs, render: 3ms)
 GET /api/user/inbox 200 in 5ms (compile: 1797µs, render: 3ms)
 GET /api/user/inbox 200 in 6ms (compile: 4ms, render: 2ms)
 GET /api/user/inbox 200 in 4ms (compile: 1795µs, render: 3ms)
 GET /api/user/inbox 200 in 6ms (compile: 4ms, render: 2ms)
 GET /api/user/inbox 200 in 5ms (compile: 2ms, render: 3ms)
 GET /api/user/inbox 200 in 5ms (compile: 2ms, render: 2ms)
 GET /api/user/inbox 200 in 4ms (compile: 1478µs, render: 2ms)
 GET /api/user/inbox 200 in 4ms (compile: 1548µs, render: 2ms)
 GET /api/user/inbox 200 in 4ms (compile: 1615µs, render: 2ms)
 GET /api/user/inbox 200 in 7ms (compile: 4ms, render: 3ms)
